<?xml version="1.0" encoding="UTF-8"?>
<!-- Generated by org.testng.reporters.JUnitXMLReporter -->
<testsuite hostname="GBQ4Y4S2E" ignored="4" name="all_tests" tests="9" failures="0" timestamp="2020-12-27T14:17:59 EET" time="61.237" errors="0">
  <testcase name="userRediretToSiginpage" time="2.495" classname="tests.RegistrationTest"/>
  <testcase name="userEnterDataToRegister" time="5.754" classname="tests.RegistrationTest"/>
  <testcase name="checkuserRegisterSucessfully" time="0.053" classname="tests.RegistrationTest"/>
  <testcase name="userRegisterLogOutsucessfully" time="2.393" classname="tests.RegistrationTest"/>
  <testcase name="checkuserLoginsucessfully" time="3.92" classname="tests.RegistrationTest"/>
  <testcase name="searchBlouses" time="6.968" classname="tests.SearchProductTest"/>
  <testcase name="SelectResultedProduct" time="3.081" classname="tests.SearchProductTest"/>
  <testcase name="checkProceedCheckOutsuccessfully" time="18.845" classname="tests.SearchProductTest"/>
  <testcase name="orderFromHistorysucessfully" time="17.677" classname="tests.OrderHistoryTest"/>
  <testcase name="@AfterSuite stopDriver" time="0.0" classname="tests.InitialTest">
    <ignored/>
  </testcase> <!-- @AfterSuite stopDriver -->
  <testcase name="@AfterSuite stopDriver" time="0.0" classname="tests.InitialTest">
    <ignored/>
  </testcase> <!-- @AfterSuite stopDriver -->
  <testcase name="@BeforeSuite startDriver" time="0.0" classname="tests.InitialTest">
    <ignored/>
  </testcase> <!-- @BeforeSuite startDriver -->
  <testcase name="@BeforeSuite startDriver" time="0.0" classname="tests.InitialTest">
    <ignored/>
  </testcase> <!-- @BeforeSuite startDriver -->
</testsuite> <!-- all_tests -->
